<?xml version="1.0" encoding="UTF-8"?>
<!-- Generated by org.testng.reporters.JUnitXMLReporter -->
<testsuite ignored="0" hostname="DESKTOP-AUK85PN" failures="0" tests="4" name="Default test" time="0.049" errors="0" timestamp="2023-06-03T12:26:49 IST">
  <testcase classname="com.selenium.Calculator" name="add" time="0.009"/>
  <testcase classname="com.selenium.Calculator" name="divide" time="0.001"/>
  <testcase classname="com.selenium.Calculator" name="multiply" time="0.001"/>
  <testcase classname="com.selenium.Calculator" name="subtract" time="0.001"/>
</testsuite> <!-- Default test -->
