<?xml version="1.0" encoding="UTF-8"?>
<testng-results ignored="0" total="4" passed="4" failed="0" skipped="0">
  <reporter-output>
  </reporter-output>
  <suite started-at="2023-06-03T12:26:49 IST" name="Default suite" finished-at="2023-06-03T12:26:49 IST" duration-ms="49">
    <groups>
    </groups>
    <test started-at="2023-06-03T12:26:49 IST" name="Default test" finished-at="2023-06-03T12:26:49 IST" duration-ms="49">
      <class name="com.selenium.Calculator">
        <test-method signature="add()[pri:1, instance:com.selenium.Calculator@188715b5]" started-at="2023-06-03T12:26:49 IST" name="add" finished-at="2023-06-03T12:26:49 IST" duration-ms="9" status="PASS">
          <reporter-output>
          </reporter-output>
        </test-method> <!-- add -->
        <test-method signature="divide()[pri:2, instance:com.selenium.Calculator@188715b5]" started-at="2023-06-03T12:26:49 IST" name="divide" finished-at="2023-06-03T12:26:49 IST" duration-ms="1" status="PASS">
          <reporter-output>
          </reporter-output>
        </test-method> <!-- divide -->
        <test-method signature="multiply()[pri:3, instance:com.selenium.Calculator@188715b5]" started-at="2023-06-03T12:26:49 IST" name="multiply" finished-at="2023-06-03T12:26:49 IST" duration-ms="1" status="PASS">
          <reporter-output>
          </reporter-output>
        </test-method> <!-- multiply -->
        <test-method signature="subtract()[pri:4, instance:com.selenium.Calculator@188715b5]" started-at="2023-06-03T12:26:49 IST" name="subtract" finished-at="2023-06-03T12:26:49 IST" duration-ms="1" status="PASS">
          <reporter-output>
          </reporter-output>
        </test-method> <!-- subtract -->
      </class> <!-- com.selenium.Calculator -->
    </test> <!-- Default test -->
  </suite> <!-- Default suite -->
</testng-results>
